#
# There is insufficient memory for the Java Runtime Environment to continue.
# Native memory allocation (mmap) failed to map 1025507328 bytes for G1 virtual space
# Possible reasons:
#   The system is out of physical RAM or swap space
#   The process is running with CompressedOops enabled, and the Java Heap may be blocking the growth of the native heap
# Possible solutions:
#   Reduce memory load on the system
#   Increase physical memory or swap space
#   Check if swap backing store is full
#   Decrease Java heap size (-Xmx/-Xms)
#   Decrease number of Java threads
#   Decrease Java thread stack sizes (-Xss)
#   Set larger code cache with -XX:ReservedCodeCacheSize=
#   JVM is running with Zero Based Compressed Oops mode in which the Java heap is
#     placed in the first 32GB address space. The Java Heap base address is the
#     maximum limit for the native heap growth. Please use -XX:HeapBaseMinAddress
#     to set the Java Heap base and to place the Java Heap above 32GB virtual address.
# This output file may be truncated or incomplete.
#
#  Out of Memory Error (os_windows.cpp:3600), pid=17320, tid=22280
#
# JRE version: Java(TM) SE Runtime Environment (21.0+35) (build 21+35-LTS-2513)
# Java VM: Java HotSpot(TM) 64-Bit Server VM (21+35-LTS-2513, mixed mode, sharing, tiered, compressed oops, compressed class ptrs, g1 gc, windows-amd64)
# No core dump will be written. Minidumps are not enabled by default on client versions of Windows
#

---------------  S U M M A R Y ------------

Command Line: MLP.jar

Host: Intel(R) Core(TM) i7-10750H CPU @ 2.60GHz, 12 cores, 11G,  Windows 11 , 64 bit Build 26100 (10.0.26100.3323)
Time: Mon May 12 14:33:43 2025 SE Asia Standard Time elapsed time: 1.458830 seconds (0d 0h 0m 1s)

---------------  T H R E A D  ---------------

Current thread (0x0000017dc05461b0):  VMThread "VM Thread"          [id=22280, stack(0x0000007507800000,0x0000007507900000) (1024K)]

Stack: [0x0000007507800000,0x0000007507900000]
Native frames: (J=compiled Java code, j=interpreted, Vv=VM code, C=native code)
V  [jvm.dll+0x6c8d39]
V  [jvm.dll+0x854091]
V  [jvm.dll+0x85630e]
V  [jvm.dll+0x8569e3]
V  [jvm.dll+0x2809a6]
V  [jvm.dll+0x6c5425]
V  [jvm.dll+0x6b9e1a]
V  [jvm.dll+0x3555ba]
V  [jvm.dll+0x35d206]
V  [jvm.dll+0x3adf6e]
V  [jvm.dll+0x3ae218]
V  [jvm.dll+0x328fcc]
V  [jvm.dll+0x329057]
V  [jvm.dll+0x36d90c]
V  [jvm.dll+0x36c10d]
V  [jvm.dll+0x328741]
V  [jvm.dll+0x36b81a]
V  [jvm.dll+0x85c4e8]
V  [jvm.dll+0x85d5e4]
V  [jvm.dll+0x85db20]
V  [jvm.dll+0x85ddc3]
V  [jvm.dll+0x7fd2c8]
V  [jvm.dll+0x6c748d]
C  [ucrtbase.dll+0x37b0]
C  [KERNEL32.DLL+0x2e8d7]
C  [ntdll.dll+0xbbf6c]

VM_Operation (0x00000075071ff210): G1CollectForAllocation, mode: safepoint, requested by thread 0x0000017da2459940


---------------  P R O C E S S  ---------------

Threads class SMR info:
_java_thread_list=0x0000017dc09c4f60, length=11, elements={
0x0000017da2459940, 0x0000017dc0564f40, 0x0000017dc0565ba0, 0x0000017dc056cd50,
0x0000017dc056db10, 0x0000017dc056e570, 0x0000017dc0577110, 0x0000017dc057d3c0,
0x0000017dc057fe70, 0x0000017dc081e4f0, 0x0000017dc0833240
}

Java Threads: ( => current thread )
  0x0000017da2459940 JavaThread "main"                              [_thread_blocked, id=13024, stack(0x0000007507100000,0x0000007507200000) (1024K)]
  0x0000017dc0564f40 JavaThread "Reference Handler"          daemon [_thread_blocked, id=24736, stack(0x0000007507900000,0x0000007507a00000) (1024K)]
  0x0000017dc0565ba0 JavaThread "Finalizer"                  daemon [_thread_blocked, id=22268, stack(0x0000007507a00000,0x0000007507b00000) (1024K)]
  0x0000017dc056cd50 JavaThread "Signal Dispatcher"          daemon [_thread_blocked, id=25172, stack(0x0000007507b00000,0x0000007507c00000) (1024K)]
  0x0000017dc056db10 JavaThread "Attach Listener"            daemon [_thread_blocked, id=20296, stack(0x0000007507c00000,0x0000007507d00000) (1024K)]
  0x0000017dc056e570 JavaThread "Service Thread"             daemon [_thread_blocked, id=27572, stack(0x0000007507d00000,0x0000007507e00000) (1024K)]
  0x0000017dc0577110 JavaThread "Monitor Deflation Thread"   daemon [_thread_blocked, id=24524, stack(0x0000007507e00000,0x0000007507f00000) (1024K)]
  0x0000017dc057d3c0 JavaThread "C2 CompilerThread0"         daemon [_thread_blocked, id=1904, stack(0x0000007507f00000,0x0000007508000000) (1024K)]
  0x0000017dc057fe70 JavaThread "C1 CompilerThread0"         daemon [_thread_blocked, id=7568, stack(0x0000007508000000,0x0000007508100000) (1024K)]
  0x0000017dc081e4f0 JavaThread "Notification Thread"        daemon [_thread_blocked, id=19868, stack(0x0000007508100000,0x0000007508200000) (1024K)]
  0x0000017dc0833240 JavaThread "Common-Cleaner"             daemon [_thread_blocked, id=18196, stack(0x0000007508200000,0x0000007508300000) (1024K)]
Total: 11

Other Threads:
=>0x0000017dc05461b0 VMThread "VM Thread"                           [id=22280, stack(0x0000007507800000,0x0000007507900000) (1024K)]
  0x0000017dc05318a0 WatcherThread "VM Periodic Task Thread"        [id=18292, stack(0x0000007507700000,0x0000007507800000) (1024K)]
  0x0000017da24a98c0 WorkerThread "GC Thread#0"                     [id=25280, stack(0x0000007507200000,0x0000007507300000) (1024K)]
  0x0000017dc08c1220 WorkerThread "GC Thread#1"                     [id=25948, stack(0x0000007508400000,0x0000007508500000) (1024K)]
  0x0000017dc08c15c0 WorkerThread "GC Thread#2"                     [id=12312, stack(0x0000007508500000,0x0000007508600000) (1024K)]
  0x0000017dc08c1d70 WorkerThread "GC Thread#3"                     [id=17816, stack(0x0000007508600000,0x0000007508700000) (1024K)]
  0x0000017dc0910260 WorkerThread "GC Thread#4"                     [id=9064, stack(0x0000007508700000,0x0000007508800000) (1024K)]
  0x0000017dc08e1b00 WorkerThread "GC Thread#5"                     [id=7900, stack(0x0000007508800000,0x0000007508900000) (1024K)]
  0x0000017dc090ec40 WorkerThread "GC Thread#6"                     [id=23380, stack(0x0000007508900000,0x0000007508a00000) (1024K)]
  0x0000017dc090efe0 WorkerThread "GC Thread#7"                     [id=16028, stack(0x0000007508a00000,0x0000007508b00000) (1024K)]
  0x0000017dc0907600 WorkerThread "GC Thread#8"                     [id=24852, stack(0x0000007508b00000,0x0000007508c00000) (1024K)]
  0x0000017dc09079a0 WorkerThread "GC Thread#9"                     [id=15712, stack(0x0000007508c00000,0x0000007508d00000) (1024K)]
  0x0000017da24b7370 ConcurrentGCThread "G1 Main Marker"            [id=12960, stack(0x0000007507300000,0x0000007507400000) (1024K)]
  0x0000017da24b8610 WorkerThread "G1 Conc#0"                       [id=24704, stack(0x0000007507400000,0x0000007507500000) (1024K)]
  0x0000017dc03fc3c0 ConcurrentGCThread "G1 Refine#0"               [id=19156, stack(0x0000007507500000,0x0000007507600000) (1024K)]
  0x0000017dc03fcbe0 ConcurrentGCThread "G1 Service"                [id=17308, stack(0x0000007507600000,0x0000007507700000) (1024K)]
Total: 16

Threads with active compile tasks:
C2 CompilerThread0     1477  264 % !   4       mnist.MNISTManager::<init> @ 240 (314 bytes)
Total: 1

VM state: at safepoint (normal execution)

VM Mutex/Monitor currently owned by a thread:  ([mutex/lock_event])
[0x00007fffc3038548] Threads_lock - owner thread: 0x0000017dc05461b0
[0x00007fffc3038648] Heap_lock - owner thread: 0x0000017da2459940

Heap address: 0x0000000743a00000, size: 3014 MB, Compressed Oops mode: Zero based, Oop shift amount: 3

CDS archive(s) mapped at: [0x0000017dc1000000-0x0000017dc1c90000-0x0000017dc1c90000), size 13172736, SharedBaseAddress: 0x0000017dc1000000, ArchiveRelocationMode: 1.
Compressed class space mapped at: 0x0000017dc2000000-0x0000017e02000000, reserved size: 1073741824
Narrow klass base: 0x0000017dc1000000, Narrow klass shift: 0, Narrow klass range: 0x100000000

GC Precious Log:
 CardTable entry size: 512
 Card Set container configuration: InlinePtr #cards 4 size 8 Array Of Cards #cards 16 size 48 Howl #buckets 8 coarsen threshold 3686 Howl Bitmap #cards 512 size 80 coarsen threshold 460 Card regions per heap region 1 cards per card region 4096
 CPUs: 12 total, 12 available
 Memory: 12049M
 Large Page Support: Disabled
 NUMA Support: Disabled
 Compressed Oops: Enabled (Zero based)
 Heap Region Size: 2M
 Heap Min Capacity: 8M
 Heap Initial Capacity: 190M
 Heap Max Capacity: 3014M
 Pre-touch: Disabled
 Parallel Workers: 10
 Concurrent Workers: 3
 Concurrent Refinement Workers: 10
 Periodic GC: Disabled

Heap:
 garbage-first heap   total 583680K, used 389236K [0x0000000743a00000, 0x0000000800000000)
  region size 2048K, 6 young (12288K), 6 survivors (12288K)
 Metaspace       used 576K, committed 704K, reserved 1114112K
  class space    used 40K, committed 128K, reserved 1048576K

Heap Regions: E=young(eden), S=young(survivor), O=old, HS=humongous(starts), HC=humongous(continues), CS=collection set, F=free, TAMS=top-at-mark-start, PB=parsable bottom
|   0|0x0000000743a00000, 0x0000000743c00000, 0x0000000743c00000|100%| O|  |TAMS 0x0000000743c00000| PB 0x0000000743a00000| Untracked 
|   1|0x0000000743c00000, 0x0000000743e00000, 0x0000000743e00000|100%| O|  |TAMS 0x0000000743e00000| PB 0x0000000743c00000| Untracked 
|   2|0x0000000743e00000, 0x0000000744000000, 0x0000000744000000|100%| O|  |TAMS 0x0000000744000000| PB 0x0000000743e00000| Untracked 
|   3|0x0000000744000000, 0x0000000744200000, 0x0000000744200000|100%| O|  |TAMS 0x0000000744200000| PB 0x0000000744000000| Untracked 
|   4|0x0000000744200000, 0x0000000744400000, 0x0000000744400000|100%| O|  |TAMS 0x0000000744400000| PB 0x0000000744200000| Untracked 
|   5|0x0000000744400000, 0x0000000744600000, 0x0000000744600000|100%| O|  |TAMS 0x0000000744600000| PB 0x0000000744400000| Untracked 
|   6|0x0000000744600000, 0x0000000744800000, 0x0000000744800000|100%| O|  |TAMS 0x0000000744800000| PB 0x0000000744600000| Untracked 
|   7|0x0000000744800000, 0x0000000744a00000, 0x0000000744a00000|100%| O|  |TAMS 0x0000000744a00000| PB 0x0000000744800000| Untracked 
|   8|0x0000000744a00000, 0x0000000744c00000, 0x0000000744c00000|100%| O|  |TAMS 0x0000000744c00000| PB 0x0000000744a00000| Untracked 
|   9|0x0000000744c00000, 0x0000000744e00000, 0x0000000744e00000|100%| O|  |TAMS 0x0000000744e00000| PB 0x0000000744c00000| Untracked 
|  10|0x0000000744e00000, 0x0000000745000000, 0x0000000745000000|100%| O|  |TAMS 0x0000000745000000| PB 0x0000000744e00000| Untracked 
|  11|0x0000000745000000, 0x0000000745200000, 0x0000000745200000|100%| O|  |TAMS 0x0000000745200000| PB 0x0000000745000000| Untracked 
|  12|0x0000000745200000, 0x0000000745400000, 0x0000000745400000|100%| O|  |TAMS 0x0000000745400000| PB 0x0000000745200000| Untracked 
|  13|0x0000000745400000, 0x0000000745600000, 0x0000000745600000|100%| O|  |TAMS 0x0000000745600000| PB 0x0000000745400000| Untracked 
|  14|0x0000000745600000, 0x0000000745800000, 0x0000000745800000|100%| O|  |TAMS 0x0000000745800000| PB 0x0000000745600000| Untracked 
|  15|0x0000000745800000, 0x0000000745a00000, 0x0000000745a00000|100%| O|  |TAMS 0x0000000745a00000| PB 0x0000000745800000| Untracked 
|  16|0x0000000745a00000, 0x0000000745c00000, 0x0000000745c00000|100%| O|  |TAMS 0x0000000745c00000| PB 0x0000000745a00000| Untracked 
|  17|0x0000000745c00000, 0x0000000745e00000, 0x0000000745e00000|100%| O|  |TAMS 0x0000000745e00000| PB 0x0000000745c00000| Untracked 
|  18|0x0000000745e00000, 0x0000000746000000, 0x0000000746000000|100%| O|  |TAMS 0x0000000746000000| PB 0x0000000745e00000| Untracked 
|  19|0x0000000746000000, 0x0000000746200000, 0x0000000746200000|100%| O|  |TAMS 0x0000000746200000| PB 0x0000000746000000| Untracked 
|  20|0x0000000746200000, 0x0000000746400000, 0x0000000746400000|100%| O|  |TAMS 0x0000000746400000| PB 0x0000000746200000| Untracked 
|  21|0x0000000746400000, 0x0000000746600000, 0x0000000746600000|100%| O|  |TAMS 0x0000000746600000| PB 0x0000000746400000| Untracked 
|  22|0x0000000746600000, 0x0000000746800000, 0x0000000746800000|100%| O|  |TAMS 0x0000000746800000| PB 0x0000000746600000| Untracked 
|  23|0x0000000746800000, 0x0000000746a00000, 0x0000000746a00000|100%| O|  |TAMS 0x0000000746a00000| PB 0x0000000746800000| Untracked 
|  24|0x0000000746a00000, 0x0000000746c00000, 0x0000000746c00000|100%| O|  |TAMS 0x0000000746c00000| PB 0x0000000746a00000| Untracked 
|  25|0x0000000746c00000, 0x0000000746e00000, 0x0000000746e00000|100%| O|  |TAMS 0x0000000746e00000| PB 0x0000000746c00000| Untracked 
|  26|0x0000000746e00000, 0x0000000747000000, 0x0000000747000000|100%| O|  |TAMS 0x0000000747000000| PB 0x0000000746e00000| Untracked 
|  27|0x0000000747000000, 0x0000000747200000, 0x0000000747200000|100%| O|  |TAMS 0x0000000747200000| PB 0x0000000747000000| Untracked 
|  28|0x0000000747200000, 0x0000000747400000, 0x0000000747400000|100%| O|  |TAMS 0x0000000747400000| PB 0x0000000747200000| Untracked 
|  29|0x0000000747400000, 0x0000000747600000, 0x0000000747600000|100%| O|  |TAMS 0x0000000747600000| PB 0x0000000747400000| Untracked 
|  30|0x0000000747600000, 0x0000000747800000, 0x0000000747800000|100%| O|  |TAMS 0x0000000747800000| PB 0x0000000747600000| Untracked 
|  31|0x0000000747800000, 0x0000000747a00000, 0x0000000747a00000|100%| O|  |TAMS 0x0000000747a00000| PB 0x0000000747800000| Untracked 
|  32|0x0000000747a00000, 0x0000000747c00000, 0x0000000747c00000|100%| O|  |TAMS 0x0000000747c00000| PB 0x0000000747a00000| Untracked 
|  33|0x0000000747c00000, 0x0000000747e00000, 0x0000000747e00000|100%| O|  |TAMS 0x0000000747e00000| PB 0x0000000747c00000| Untracked 
|  34|0x0000000747e00000, 0x0000000748000000, 0x0000000748000000|100%| O|  |TAMS 0x0000000748000000| PB 0x0000000747e00000| Untracked 
|  35|0x0000000748000000, 0x0000000748200000, 0x0000000748200000|100%| O|  |TAMS 0x0000000748200000| PB 0x0000000748000000| Untracked 
|  36|0x0000000748200000, 0x0000000748400000, 0x0000000748400000|100%| O|  |TAMS 0x0000000748400000| PB 0x0000000748200000| Untracked 
|  37|0x0000000748400000, 0x0000000748600000, 0x0000000748600000|100%| O|  |TAMS 0x0000000748600000| PB 0x0000000748400000| Untracked 
|  38|0x0000000748600000, 0x0000000748800000, 0x0000000748800000|100%| O|  |TAMS 0x0000000748800000| PB 0x0000000748600000| Untracked 
|  39|0x0000000748800000, 0x0000000748a00000, 0x0000000748a00000|100%| O|  |TAMS 0x0000000748a00000| PB 0x0000000748800000| Untracked 
|  40|0x0000000748a00000, 0x0000000748c00000, 0x0000000748c00000|100%| O|  |TAMS 0x0000000748c00000| PB 0x0000000748a00000| Untracked 
|  41|0x0000000748c00000, 0x0000000748e00000, 0x0000000748e00000|100%| O|  |TAMS 0x0000000748e00000| PB 0x0000000748c00000| Untracked 
|  42|0x0000000748e00000, 0x0000000749000000, 0x0000000749000000|100%| O|  |TAMS 0x0000000749000000| PB 0x0000000748e00000| Untracked 
|  43|0x0000000749000000, 0x0000000749200000, 0x0000000749200000|100%| O|  |TAMS 0x0000000749200000| PB 0x0000000749000000| Untracked 
|  44|0x0000000749200000, 0x0000000749400000, 0x0000000749400000|100%| O|  |TAMS 0x0000000749400000| PB 0x0000000749200000| Untracked 
|  45|0x0000000749400000, 0x0000000749600000, 0x0000000749600000|100%| O|  |TAMS 0x0000000749600000| PB 0x0000000749400000| Untracked 
|  46|0x0000000749600000, 0x0000000749800000, 0x0000000749800000|100%| O|  |TAMS 0x0000000749800000| PB 0x0000000749600000| Untracked 
|  47|0x0000000749800000, 0x0000000749a00000, 0x0000000749a00000|100%| O|  |TAMS 0x0000000749a00000| PB 0x0000000749800000| Untracked 
|  48|0x0000000749a00000, 0x0000000749c00000, 0x0000000749c00000|100%| O|  |TAMS 0x0000000749c00000| PB 0x0000000749a00000| Untracked 
|  49|0x0000000749c00000, 0x0000000749e00000, 0x0000000749e00000|100%| O|  |TAMS 0x0000000749e00000| PB 0x0000000749c00000| Untracked 
|  50|0x0000000749e00000, 0x000000074a000000, 0x000000074a000000|100%| O|  |TAMS 0x000000074a000000| PB 0x0000000749e00000| Untracked 
|  51|0x000000074a000000, 0x000000074a200000, 0x000000074a200000|100%| O|  |TAMS 0x000000074a200000| PB 0x000000074a000000| Untracked 
|  52|0x000000074a200000, 0x000000074a400000, 0x000000074a400000|100%| O|  |TAMS 0x000000074a400000| PB 0x000000074a200000| Untracked 
|  53|0x000000074a400000, 0x000000074a600000, 0x000000074a600000|100%| O|  |TAMS 0x000000074a600000| PB 0x000000074a400000| Untracked 
|  54|0x000000074a600000, 0x000000074a800000, 0x000000074a800000|100%| O|  |TAMS 0x000000074a800000| PB 0x000000074a600000| Untracked 
|  55|0x000000074a800000, 0x000000074aa00000, 0x000000074aa00000|100%| O|  |TAMS 0x000000074aa00000| PB 0x000000074a800000| Untracked 
|  56|0x000000074aa00000, 0x000000074ac00000, 0x000000074ac00000|100%| O|  |TAMS 0x000000074ac00000| PB 0x000000074aa00000| Untracked 
|  57|0x000000074ac00000, 0x000000074ae00000, 0x000000074ae00000|100%| O|  |TAMS 0x000000074ae00000| PB 0x000000074ac00000| Untracked 
|  58|0x000000074ae00000, 0x000000074b000000, 0x000000074b000000|100%| O|  |TAMS 0x000000074b000000| PB 0x000000074ae00000| Untracked 
|  59|0x000000074b000000, 0x000000074b200000, 0x000000074b200000|100%| O|  |TAMS 0x000000074b200000| PB 0x000000074b000000| Untracked 
|  60|0x000000074b200000, 0x000000074b400000, 0x000000074b400000|100%| O|  |TAMS 0x000000074b400000| PB 0x000000074b200000| Untracked 
|  61|0x000000074b400000, 0x000000074b600000, 0x000000074b600000|100%| O|  |TAMS 0x000000074b600000| PB 0x000000074b400000| Untracked 
|  62|0x000000074b600000, 0x000000074b800000, 0x000000074b800000|100%| O|  |TAMS 0x000000074b800000| PB 0x000000074b600000| Untracked 
|  63|0x000000074b800000, 0x000000074ba00000, 0x000000074ba00000|100%| O|  |TAMS 0x000000074ba00000| PB 0x000000074b800000| Untracked 
|  64|0x000000074ba00000, 0x000000074bc00000, 0x000000074bc00000|100%| O|  |TAMS 0x000000074bc00000| PB 0x000000074ba00000| Untracked 
|  65|0x000000074bc00000, 0x000000074be00000, 0x000000074be00000|100%| O|  |TAMS 0x000000074be00000| PB 0x000000074bc00000| Untracked 
|  66|0x000000074be00000, 0x000000074c000000, 0x000000074c000000|100%| O|  |TAMS 0x000000074c000000| PB 0x000000074be00000| Untracked 
|  67|0x000000074c000000, 0x000000074c200000, 0x000000074c200000|100%| O|  |TAMS 0x000000074c200000| PB 0x000000074c000000| Untracked 
|  68|0x000000074c200000, 0x000000074c400000, 0x000000074c400000|100%| O|  |TAMS 0x000000074c400000| PB 0x000000074c200000| Untracked 
|  69|0x000000074c400000, 0x000000074c600000, 0x000000074c600000|100%| O|  |TAMS 0x000000074c600000| PB 0x000000074c400000| Untracked 
|  70|0x000000074c600000, 0x000000074c800000, 0x000000074c800000|100%| O|  |TAMS 0x000000074c800000| PB 0x000000074c600000| Untracked 
|  71|0x000000074c800000, 0x000000074ca00000, 0x000000074ca00000|100%| O|  |TAMS 0x000000074ca00000| PB 0x000000074c800000| Untracked 
|  72|0x000000074ca00000, 0x000000074cc00000, 0x000000074cc00000|100%| O|  |TAMS 0x000000074cc00000| PB 0x000000074ca00000| Untracked 
|  73|0x000000074cc00000, 0x000000074ce00000, 0x000000074ce00000|100%| O|  |TAMS 0x000000074ce00000| PB 0x000000074cc00000| Untracked 
|  74|0x000000074ce00000, 0x000000074d000000, 0x000000074d000000|100%| O|  |TAMS 0x000000074d000000| PB 0x000000074ce00000| Untracked 
|  75|0x000000074d000000, 0x000000074d200000, 0x000000074d200000|100%| O|  |TAMS 0x000000074d200000| PB 0x000000074d000000| Untracked 
|  76|0x000000074d200000, 0x000000074d400000, 0x000000074d400000|100%| O|  |TAMS 0x000000074d400000| PB 0x000000074d200000| Untracked 
|  77|0x000000074d400000, 0x000000074d600000, 0x000000074d600000|100%| O|  |TAMS 0x000000074d600000| PB 0x000000074d400000| Untracked 
|  78|0x000000074d600000, 0x000000074d800000, 0x000000074d800000|100%| O|  |TAMS 0x000000074d800000| PB 0x000000074d600000| Untracked 
|  79|0x000000074d800000, 0x000000074da00000, 0x000000074da00000|100%| O|  |TAMS 0x000000074da00000| PB 0x000000074d800000| Untracked 
|  80|0x000000074da00000, 0x000000074dc00000, 0x000000074dc00000|100%| O|  |TAMS 0x000000074dc00000| PB 0x000000074da00000| Untracked 
|  81|0x000000074dc00000, 0x000000074de00000, 0x000000074de00000|100%| O|  |TAMS 0x000000074de00000| PB 0x000000074dc00000| Untracked 
|  82|0x000000074de00000, 0x000000074e000000, 0x000000074e000000|100%| O|  |TAMS 0x000000074e000000| PB 0x000000074de00000| Untracked 
|  83|0x000000074e000000, 0x000000074e200000, 0x000000074e200000|100%| O|  |TAMS 0x000000074e200000| PB 0x000000074e000000| Untracked 
|  84|0x000000074e200000, 0x000000074e400000, 0x000000074e400000|100%| O|  |TAMS 0x000000074e400000| PB 0x000000074e200000| Untracked 
|  85|0x000000074e400000, 0x000000074e600000, 0x000000074e600000|100%| O|  |TAMS 0x000000074e600000| PB 0x000000074e400000| Untracked 
|  86|0x000000074e600000, 0x000000074e800000, 0x000000074e800000|100%| O|  |TAMS 0x000000074e800000| PB 0x000000074e600000| Untracked 
|  87|0x000000074e800000, 0x000000074ea00000, 0x000000074ea00000|100%| O|  |TAMS 0x000000074ea00000| PB 0x000000074e800000| Untracked 
|  88|0x000000074ea00000, 0x000000074ec00000, 0x000000074ec00000|100%| O|  |TAMS 0x000000074ec00000| PB 0x000000074ea00000| Untracked 
|  89|0x000000074ec00000, 0x000000074ee00000, 0x000000074ee00000|100%| O|  |TAMS 0x000000074ee00000| PB 0x000000074ec00000| Untracked 
|  90|0x000000074ee00000, 0x000000074f000000, 0x000000074f000000|100%| O|  |TAMS 0x000000074f000000| PB 0x000000074ee00000| Untracked 
|  91|0x000000074f000000, 0x000000074f200000, 0x000000074f200000|100%| O|  |TAMS 0x000000074f200000| PB 0x000000074f000000| Untracked 
|  92|0x000000074f200000, 0x000000074f400000, 0x000000074f400000|100%| O|  |TAMS 0x000000074f400000| PB 0x000000074f200000| Untracked 
|  93|0x000000074f400000, 0x000000074f600000, 0x000000074f600000|100%| O|  |TAMS 0x000000074f600000| PB 0x000000074f400000| Untracked 
|  94|0x000000074f600000, 0x000000074f800000, 0x000000074f800000|100%| O|  |TAMS 0x000000074f800000| PB 0x000000074f600000| Untracked 
|  95|0x000000074f800000, 0x000000074fa00000, 0x000000074fa00000|100%| O|  |TAMS 0x000000074fa00000| PB 0x000000074f800000| Untracked 
|  96|0x000000074fa00000, 0x000000074fc00000, 0x000000074fc00000|100%| O|  |TAMS 0x000000074fc00000| PB 0x000000074fa00000| Untracked 
|  97|0x000000074fc00000, 0x000000074fe00000, 0x000000074fe00000|100%| O|  |TAMS 0x000000074fe00000| PB 0x000000074fc00000| Untracked 
|  98|0x000000074fe00000, 0x0000000750000000, 0x0000000750000000|100%| O|  |TAMS 0x0000000750000000| PB 0x000000074fe00000| Untracked 
|  99|0x0000000750000000, 0x0000000750200000, 0x0000000750200000|100%| O|  |TAMS 0x0000000750200000| PB 0x0000000750000000| Untracked 
| 100|0x0000000750200000, 0x0000000750400000, 0x0000000750400000|100%| O|  |TAMS 0x0000000750400000| PB 0x0000000750200000| Untracked 
| 101|0x0000000750400000, 0x0000000750600000, 0x0000000750600000|100%| O|  |TAMS 0x0000000750600000| PB 0x0000000750400000| Untracked 
| 102|0x0000000750600000, 0x0000000750800000, 0x0000000750800000|100%| O|  |TAMS 0x0000000750800000| PB 0x0000000750600000| Untracked 
| 103|0x0000000750800000, 0x0000000750a00000, 0x0000000750a00000|100%| O|  |TAMS 0x0000000750a00000| PB 0x0000000750800000| Untracked 
| 104|0x0000000750a00000, 0x0000000750c00000, 0x0000000750c00000|100%| O|  |TAMS 0x0000000750c00000| PB 0x0000000750a00000| Untracked 
| 105|0x0000000750c00000, 0x0000000750e00000, 0x0000000750e00000|100%| O|  |TAMS 0x0000000750e00000| PB 0x0000000750c00000| Untracked 
| 106|0x0000000750e00000, 0x0000000751000000, 0x0000000751000000|100%| O|  |TAMS 0x0000000751000000| PB 0x0000000750e00000| Untracked 
| 107|0x0000000751000000, 0x0000000751200000, 0x0000000751200000|100%| O|  |TAMS 0x0000000751200000| PB 0x0000000751000000| Untracked 
| 108|0x0000000751200000, 0x0000000751400000, 0x0000000751400000|100%| O|  |TAMS 0x0000000751400000| PB 0x0000000751200000| Untracked 
| 109|0x0000000751400000, 0x0000000751600000, 0x0000000751600000|100%| O|  |TAMS 0x0000000751600000| PB 0x0000000751400000| Untracked 
| 110|0x0000000751600000, 0x0000000751800000, 0x0000000751800000|100%| O|  |TAMS 0x0000000751800000| PB 0x0000000751600000| Untracked 
| 111|0x0000000751800000, 0x0000000751a00000, 0x0000000751a00000|100%| O|  |TAMS 0x0000000751a00000| PB 0x0000000751800000| Untracked 
| 112|0x0000000751a00000, 0x0000000751c00000, 0x0000000751c00000|100%| O|  |TAMS 0x0000000751c00000| PB 0x0000000751a00000| Untracked 
| 113|0x0000000751c00000, 0x0000000751e00000, 0x0000000751e00000|100%| O|  |TAMS 0x0000000751e00000| PB 0x0000000751c00000| Untracked 
| 114|0x0000000751e00000, 0x0000000752000000, 0x0000000752000000|100%| O|  |TAMS 0x0000000752000000| PB 0x0000000751e00000| Untracked 
| 115|0x0000000752000000, 0x0000000752200000, 0x0000000752200000|100%| O|  |TAMS 0x0000000752200000| PB 0x0000000752000000| Untracked 
| 116|0x0000000752200000, 0x0000000752400000, 0x0000000752400000|100%| O|  |TAMS 0x0000000752400000| PB 0x0000000752200000| Untracked 
| 117|0x0000000752400000, 0x0000000752600000, 0x0000000752600000|100%| O|  |TAMS 0x0000000752600000| PB 0x0000000752400000| Untracked 
| 118|0x0000000752600000, 0x0000000752800000, 0x0000000752800000|100%| O|  |TAMS 0x0000000752800000| PB 0x0000000752600000| Untracked 
| 119|0x0000000752800000, 0x0000000752a00000, 0x0000000752a00000|100%| O|  |TAMS 0x0000000752a00000| PB 0x0000000752800000| Untracked 
| 120|0x0000000752a00000, 0x0000000752c00000, 0x0000000752c00000|100%| O|  |TAMS 0x0000000752c00000| PB 0x0000000752a00000| Untracked 
| 121|0x0000000752c00000, 0x0000000752e00000, 0x0000000752e00000|100%| O|  |TAMS 0x0000000752e00000| PB 0x0000000752c00000| Untracked 
| 122|0x0000000752e00000, 0x0000000753000000, 0x0000000753000000|100%| O|  |TAMS 0x0000000753000000| PB 0x0000000752e00000| Untracked 
| 123|0x0000000753000000, 0x0000000753200000, 0x0000000753200000|100%| O|  |TAMS 0x0000000753200000| PB 0x0000000753000000| Untracked 
| 124|0x0000000753200000, 0x0000000753400000, 0x0000000753400000|100%| O|  |TAMS 0x0000000753400000| PB 0x0000000753200000| Untracked 
| 125|0x0000000753400000, 0x0000000753600000, 0x0000000753600000|100%| O|  |TAMS 0x0000000753600000| PB 0x0000000753400000| Untracked 
| 126|0x0000000753600000, 0x0000000753800000, 0x0000000753800000|100%| O|  |TAMS 0x0000000753800000| PB 0x0000000753600000| Untracked 
| 127|0x0000000753800000, 0x0000000753a00000, 0x0000000753a00000|100%| O|  |TAMS 0x0000000753a00000| PB 0x0000000753800000| Untracked 
| 128|0x0000000753a00000, 0x0000000753c00000, 0x0000000753c00000|100%| O|  |TAMS 0x0000000753c00000| PB 0x0000000753a00000| Untracked 
| 129|0x0000000753c00000, 0x0000000753e00000, 0x0000000753e00000|100%| O|  |TAMS 0x0000000753e00000| PB 0x0000000753c00000| Untracked 
| 130|0x0000000753e00000, 0x0000000754000000, 0x0000000754000000|100%| O|  |TAMS 0x0000000754000000| PB 0x0000000753e00000| Untracked 
| 131|0x0000000754000000, 0x0000000754200000, 0x0000000754200000|100%| O|  |TAMS 0x0000000754200000| PB 0x0000000754000000| Untracked 
| 132|0x0000000754200000, 0x0000000754400000, 0x0000000754400000|100%| O|  |TAMS 0x0000000754400000| PB 0x0000000754200000| Untracked 
| 133|0x0000000754400000, 0x0000000754600000, 0x0000000754600000|100%| O|  |TAMS 0x0000000754600000| PB 0x0000000754400000| Untracked 
| 134|0x0000000754600000, 0x0000000754800000, 0x0000000754800000|100%| O|  |TAMS 0x0000000754800000| PB 0x0000000754600000| Untracked 
| 135|0x0000000754800000, 0x0000000754a00000, 0x0000000754a00000|100%| O|  |TAMS 0x0000000754a00000| PB 0x0000000754800000| Untracked 
| 136|0x0000000754a00000, 0x0000000754c00000, 0x0000000754c00000|100%| O|  |TAMS 0x0000000754c00000| PB 0x0000000754a00000| Untracked 
| 137|0x0000000754c00000, 0x0000000754e00000, 0x0000000754e00000|100%| O|  |TAMS 0x0000000754e00000| PB 0x0000000754c00000| Untracked 
| 138|0x0000000754e00000, 0x0000000755000000, 0x0000000755000000|100%| O|  |TAMS 0x0000000755000000| PB 0x0000000754e00000| Untracked 
| 139|0x0000000755000000, 0x0000000755200000, 0x0000000755200000|100%| O|  |TAMS 0x0000000755200000| PB 0x0000000755000000| Untracked 
| 140|0x0000000755200000, 0x0000000755400000, 0x0000000755400000|100%| O|  |TAMS 0x0000000755400000| PB 0x0000000755200000| Untracked 
| 141|0x0000000755400000, 0x0000000755600000, 0x0000000755600000|100%| O|  |TAMS 0x0000000755600000| PB 0x0000000755400000| Untracked 
| 142|0x0000000755600000, 0x0000000755800000, 0x0000000755800000|100%| O|  |TAMS 0x0000000755800000| PB 0x0000000755600000| Untracked 
| 143|0x0000000755800000, 0x0000000755a00000, 0x0000000755a00000|100%| O|  |TAMS 0x0000000755821c60| PB 0x0000000755800000| Untracked 
| 144|0x0000000755a00000, 0x0000000755c00000, 0x0000000755c00000|100%| O|  |TAMS 0x0000000755a00000| PB 0x0000000755a00000| Untracked 
| 145|0x0000000755c00000, 0x0000000755e00000, 0x0000000755e00000|100%| O|  |TAMS 0x0000000755c00000| PB 0x0000000755c00000| Untracked 
| 146|0x0000000755e00000, 0x0000000756000000, 0x0000000756000000|100%| O|  |TAMS 0x0000000755e00000| PB 0x0000000755e00000| Untracked 
| 147|0x0000000756000000, 0x0000000756200000, 0x0000000756200000|100%| O|  |TAMS 0x0000000756000000| PB 0x0000000756000000| Untracked 
| 148|0x0000000756200000, 0x0000000756400000, 0x0000000756400000|100%| O|  |TAMS 0x0000000756200000| PB 0x0000000756200000| Untracked 
| 149|0x0000000756400000, 0x0000000756600000, 0x0000000756600000|100%| O|  |TAMS 0x0000000756400000| PB 0x0000000756400000| Untracked 
| 150|0x0000000756600000, 0x0000000756800000, 0x0000000756800000|100%| O|  |TAMS 0x0000000756600000| PB 0x0000000756600000| Untracked 
| 151|0x0000000756800000, 0x0000000756a00000, 0x0000000756a00000|100%| O|  |TAMS 0x0000000756800000| PB 0x0000000756800000| Untracked 
| 152|0x0000000756a00000, 0x0000000756c00000, 0x0000000756c00000|100%| O|  |TAMS 0x0000000756a00000| PB 0x0000000756a00000| Untracked 
| 153|0x0000000756c00000, 0x0000000756e00000, 0x0000000756e00000|100%| O|  |TAMS 0x0000000756c00000| PB 0x0000000756c00000| Untracked 
| 154|0x0000000756e00000, 0x0000000757000000, 0x0000000757000000|100%| O|  |TAMS 0x0000000756e00000| PB 0x0000000756e00000| Untracked 
| 155|0x0000000757000000, 0x0000000757200000, 0x0000000757200000|100%| O|  |TAMS 0x0000000757000000| PB 0x0000000757000000| Untracked 
| 156|0x0000000757200000, 0x0000000757400000, 0x0000000757400000|100%| O|  |TAMS 0x0000000757200000| PB 0x0000000757200000| Untracked 
| 157|0x0000000757400000, 0x0000000757600000, 0x0000000757600000|100%| O|  |TAMS 0x0000000757400000| PB 0x0000000757400000| Untracked 
| 158|0x0000000757600000, 0x0000000757800000, 0x0000000757800000|100%| O|  |TAMS 0x0000000757600000| PB 0x0000000757600000| Untracked 
| 159|0x0000000757800000, 0x0000000757a00000, 0x0000000757a00000|100%| O|  |TAMS 0x0000000757800000| PB 0x0000000757800000| Untracked 
| 160|0x0000000757a00000, 0x0000000757c00000, 0x0000000757c00000|100%| O|  |TAMS 0x0000000757a00000| PB 0x0000000757a00000| Untracked 
| 161|0x0000000757c00000, 0x0000000757e00000, 0x0000000757e00000|100%| O|  |TAMS 0x0000000757c00000| PB 0x0000000757c00000| Untracked 
| 162|0x0000000757e00000, 0x0000000758000000, 0x0000000758000000|100%| O|  |TAMS 0x0000000757e00000| PB 0x0000000757e00000| Untracked 
| 163|0x0000000758000000, 0x0000000758200000, 0x0000000758200000|100%| O|  |TAMS 0x0000000758000000| PB 0x0000000758000000| Untracked 
| 164|0x0000000758200000, 0x0000000758400000, 0x0000000758400000|100%| O|  |TAMS 0x0000000758200000| PB 0x0000000758200000| Untracked 
| 165|0x0000000758400000, 0x0000000758600000, 0x0000000758600000|100%| O|  |TAMS 0x0000000758400000| PB 0x0000000758400000| Untracked 
| 166|0x0000000758600000, 0x0000000758800000, 0x0000000758800000|100%| O|  |TAMS 0x0000000758600000| PB 0x0000000758600000| Untracked 
| 167|0x0000000758800000, 0x0000000758a00000, 0x0000000758a00000|100%| O|  |TAMS 0x0000000758800000| PB 0x0000000758800000| Untracked 
| 168|0x0000000758a00000, 0x0000000758c00000, 0x0000000758c00000|100%| O|  |TAMS 0x0000000758a00000| PB 0x0000000758a00000| Untracked 
| 169|0x0000000758c00000, 0x0000000758e00000, 0x0000000758e00000|100%| O|  |TAMS 0x0000000758c00000| PB 0x0000000758c00000| Untracked 
| 170|0x0000000758e00000, 0x0000000759000000, 0x0000000759000000|100%| O|  |TAMS 0x0000000758e00000| PB 0x0000000758e00000| Untracked 
| 171|0x0000000759000000, 0x0000000759200000, 0x0000000759200000|100%| O|  |TAMS 0x0000000759000000| PB 0x0000000759000000| Untracked 
| 172|0x0000000759200000, 0x0000000759400000, 0x0000000759400000|100%| O|  |TAMS 0x0000000759200000| PB 0x0000000759200000| Untracked 
| 173|0x0000000759400000, 0x0000000759600000, 0x0000000759600000|100%| O|  |TAMS 0x0000000759400000| PB 0x0000000759400000| Untracked 
| 174|0x0000000759600000, 0x0000000759800000, 0x0000000759800000|100%| O|  |TAMS 0x0000000759600000| PB 0x0000000759600000| Untracked 
| 175|0x0000000759800000, 0x0000000759a00000, 0x0000000759a00000|100%| O|  |TAMS 0x0000000759800000| PB 0x0000000759800000| Untracked 
| 176|0x0000000759a00000, 0x0000000759c00000, 0x0000000759c00000|100%| O|  |TAMS 0x0000000759a00000| PB 0x0000000759a00000| Untracked 
| 177|0x0000000759c00000, 0x0000000759e00000, 0x0000000759e00000|100%| O|  |TAMS 0x0000000759c00000| PB 0x0000000759c00000| Untracked 
| 178|0x0000000759e00000, 0x000000075a000000, 0x000000075a000000|100%| O|  |TAMS 0x0000000759e00000| PB 0x0000000759e00000| Untracked 
| 179|0x000000075a000000, 0x000000075a200000, 0x000000075a200000|100%| O|  |TAMS 0x000000075a000000| PB 0x000000075a000000| Untracked 
| 180|0x000000075a200000, 0x000000075a400000, 0x000000075a400000|100%| O|  |TAMS 0x000000075a200000| PB 0x000000075a200000| Untracked 
| 181|0x000000075a400000, 0x000000075a600000, 0x000000075a600000|100%| O|  |TAMS 0x000000075a400000| PB 0x000000075a400000| Untracked 
| 182|0x000000075a600000, 0x000000075a800000, 0x000000075a800000|100%| O|  |TAMS 0x000000075a600000| PB 0x000000075a600000| Untracked 
| 183|0x000000075a800000, 0x000000075aa00000, 0x000000075aa00000|100%| O|  |TAMS 0x000000075a800000| PB 0x000000075a800000| Untracked 
| 184|0x000000075aa00000, 0x000000075aa1d2b0, 0x000000075ac00000|  5%| O|  |TAMS 0x000000075aa00000| PB 0x000000075aa00000| Untracked 
| 185|0x000000075ac00000, 0x000000075ac00000, 0x000000075ae00000|  0%| F|  |TAMS 0x000000075ac00000| PB 0x000000075ac00000| Untracked 
| 186|0x000000075ae00000, 0x000000075ae00000, 0x000000075b000000|  0%| F|  |TAMS 0x000000075ae00000| PB 0x000000075ae00000| Untracked 
| 187|0x000000075b000000, 0x000000075b000000, 0x000000075b200000|  0%| F|  |TAMS 0x000000075b000000| PB 0x000000075b000000| Untracked 
| 188|0x000000075b200000, 0x000000075b200000, 0x000000075b400000|  0%| F|  |TAMS 0x000000075b200000| PB 0x000000075b200000| Untracked 
| 189|0x000000075b400000, 0x000000075b400000, 0x000000075b600000|  0%| F|  |TAMS 0x000000075b400000| PB 0x000000075b400000| Untracked 
| 190|0x000000075b600000, 0x000000075b600000, 0x000000075b800000|  0%| F|  |TAMS 0x000000075b600000| PB 0x000000075b600000| Untracked 
| 191|0x000000075b800000, 0x000000075b800000, 0x000000075ba00000|  0%| F|  |TAMS 0x000000075b800000| PB 0x000000075b800000| Untracked 
| 192|0x000000075ba00000, 0x000000075ba00000, 0x000000075bc00000|  0%| F|  |TAMS 0x000000075ba00000| PB 0x000000075ba00000| Untracked 
| 193|0x000000075bc00000, 0x000000075bc00000, 0x000000075be00000|  0%| F|  |TAMS 0x000000075bc00000| PB 0x000000075bc00000| Untracked 
| 194|0x000000075be00000, 0x000000075be00000, 0x000000075c000000|  0%| F|  |TAMS 0x000000075be00000| PB 0x000000075be00000| Untracked 
| 195|0x000000075c000000, 0x000000075c000000, 0x000000075c200000|  0%| F|  |TAMS 0x000000075c000000| PB 0x000000075c000000| Untracked 
| 196|0x000000075c200000, 0x000000075c200000, 0x000000075c400000|  0%| F|  |TAMS 0x000000075c200000| PB 0x000000075c200000| Untracked 
| 197|0x000000075c400000, 0x000000075c400000, 0x000000075c600000|  0%| F|  |TAMS 0x000000075c400000| PB 0x000000075c400000| Untracked 
| 198|0x000000075c600000, 0x000000075c600000, 0x000000075c800000|  0%| F|  |TAMS 0x000000075c600000| PB 0x000000075c600000| Untracked 
| 199|0x000000075c800000, 0x000000075c800000, 0x000000075ca00000|  0%| F|  |TAMS 0x000000075c800000| PB 0x000000075c800000| Untracked 
| 200|0x000000075ca00000, 0x000000075ca00000, 0x000000075cc00000|  0%| F|  |TAMS 0x000000075ca00000| PB 0x000000075ca00000| Untracked 
| 201|0x000000075cc00000, 0x000000075cc00000, 0x000000075ce00000|  0%| F|  |TAMS 0x000000075cc00000| PB 0x000000075cc00000| Untracked 
| 202|0x000000075ce00000, 0x000000075ce00000, 0x000000075d000000|  0%| F|  |TAMS 0x000000075ce00000| PB 0x000000075ce00000| Untracked 
| 203|0x000000075d000000, 0x000000075d000000, 0x000000075d200000|  0%| F|  |TAMS 0x000000075d000000| PB 0x000000075d000000| Untracked 
| 204|0x000000075d200000, 0x000000075d200000, 0x000000075d400000|  0%| F|  |TAMS 0x000000075d200000| PB 0x000000075d200000| Untracked 
| 205|0x000000075d400000, 0x000000075d400000, 0x000000075d600000|  0%| F|  |TAMS 0x000000075d400000| PB 0x000000075d400000| Untracked 
| 206|0x000000075d600000, 0x000000075d600000, 0x000000075d800000|  0%| F|  |TAMS 0x000000075d600000| PB 0x000000075d600000| Untracked 
| 207|0x000000075d800000, 0x000000075d800000, 0x000000075da00000|  0%| F|  |TAMS 0x000000075d800000| PB 0x000000075d800000| Untracked 
| 208|0x000000075da00000, 0x000000075da00000, 0x000000075dc00000|  0%| F|  |TAMS 0x000000075da00000| PB 0x000000075da00000| Untracked 
| 209|0x000000075dc00000, 0x000000075dc00000, 0x000000075de00000|  0%| F|  |TAMS 0x000000075dc00000| PB 0x000000075dc00000| Untracked 
| 210|0x000000075de00000, 0x000000075de00000, 0x000000075e000000|  0%| F|  |TAMS 0x000000075de00000| PB 0x000000075de00000| Untracked 
| 211|0x000000075e000000, 0x000000075e000000, 0x000000075e200000|  0%| F|  |TAMS 0x000000075e000000| PB 0x000000075e000000| Untracked 
| 212|0x000000075e200000, 0x000000075e200000, 0x000000075e400000|  0%| F|  |TAMS 0x000000075e200000| PB 0x000000075e200000| Untracked 
| 213|0x000000075e400000, 0x000000075e400000, 0x000000075e600000|  0%| F|  |TAMS 0x000000075e400000| PB 0x000000075e400000| Untracked 
| 214|0x000000075e600000, 0x000000075e600000, 0x000000075e800000|  0%| F|  |TAMS 0x000000075e600000| PB 0x000000075e600000| Untracked 
| 215|0x000000075e800000, 0x000000075e800000, 0x000000075ea00000|  0%| F|  |TAMS 0x000000075e800000| PB 0x000000075e800000| Untracked 
| 216|0x000000075ea00000, 0x000000075ea00000, 0x000000075ec00000|  0%| F|  |TAMS 0x000000075ea00000| PB 0x000000075ea00000| Untracked 
| 217|0x000000075ec00000, 0x000000075ec00000, 0x000000075ee00000|  0%| F|  |TAMS 0x000000075ec00000| PB 0x000000075ec00000| Untracked 
| 218|0x000000075ee00000, 0x000000075ee00000, 0x000000075f000000|  0%| F|  |TAMS 0x000000075ee00000| PB 0x000000075ee00000| Untracked 
| 219|0x000000075f000000, 0x000000075f000000, 0x000000075f200000|  0%| F|  |TAMS 0x000000075f000000| PB 0x000000075f000000| Untracked 
| 220|0x000000075f200000, 0x000000075f200000, 0x000000075f400000|  0%| F|  |TAMS 0x000000075f200000| PB 0x000000075f200000| Untracked 
| 221|0x000000075f400000, 0x000000075f400000, 0x000000075f600000|  0%| F|  |TAMS 0x000000075f400000| PB 0x000000075f400000| Untracked 
| 222|0x000000075f600000, 0x000000075f600000, 0x000000075f800000|  0%| F|  |TAMS 0x000000075f600000| PB 0x000000075f600000| Untracked 
| 223|0x000000075f800000, 0x000000075f800000, 0x000000075fa00000|  0%| F|  |TAMS 0x000000075f800000| PB 0x000000075f800000| Untracked 
| 224|0x000000075fa00000, 0x000000075fa00000, 0x000000075fc00000|  0%| F|  |TAMS 0x000000075fa00000| PB 0x000000075fa00000| Untracked 
| 225|0x000000075fc00000, 0x000000075fc00000, 0x000000075fe00000|  0%| F|  |TAMS 0x000000075fc00000| PB 0x000000075fc00000| Untracked 
| 226|0x000000075fe00000, 0x000000075fe00000, 0x0000000760000000|  0%| F|  |TAMS 0x000000075fe00000| PB 0x000000075fe00000| Untracked 
| 227|0x0000000760000000, 0x0000000760000000, 0x0000000760200000|  0%| F|  |TAMS 0x0000000760000000| PB 0x0000000760000000| Untracked 
| 228|0x0000000760200000, 0x0000000760200000, 0x0000000760400000|  0%| F|  |TAMS 0x0000000760200000| PB 0x0000000760200000| Untracked 
| 229|0x0000000760400000, 0x0000000760400000, 0x0000000760600000|  0%| F|  |TAMS 0x0000000760400000| PB 0x0000000760400000| Untracked 
| 230|0x0000000760600000, 0x0000000760600000, 0x0000000760800000|  0%| F|  |TAMS 0x0000000760600000| PB 0x0000000760600000| Untracked 
| 231|0x0000000760800000, 0x0000000760800000, 0x0000000760a00000|  0%| F|  |TAMS 0x0000000760800000| PB 0x0000000760800000| Untracked 
| 232|0x0000000760a00000, 0x0000000760c00000, 0x0000000760c00000|100%| S|CS|TAMS 0x0000000760a00000| PB 0x0000000760a00000| Complete 
| 233|0x0000000760c00000, 0x0000000760e00000, 0x0000000760e00000|100%| S|CS|TAMS 0x0000000760c00000| PB 0x0000000760c00000| Complete 
| 234|0x0000000760e00000, 0x0000000761000000, 0x0000000761000000|100%| S|CS|TAMS 0x0000000760e00000| PB 0x0000000760e00000| Complete 
| 235|0x0000000761000000, 0x0000000761200000, 0x0000000761200000|100%| S|CS|TAMS 0x0000000761000000| PB 0x0000000761000000| Complete 
| 236|0x0000000761200000, 0x0000000761200000, 0x0000000761400000|  0%| F|  |TAMS 0x0000000761200000| PB 0x0000000761200000| Untracked 
| 237|0x0000000761400000, 0x0000000761400000, 0x0000000761600000|  0%| F|  |TAMS 0x0000000761400000| PB 0x0000000761400000| Untracked 
| 238|0x0000000761600000, 0x0000000761600000, 0x0000000761800000|  0%| F|  |TAMS 0x0000000761600000| PB 0x0000000761600000| Untracked 
| 239|0x0000000761800000, 0x0000000761800000, 0x0000000761a00000|  0%| F|  |TAMS 0x0000000761800000| PB 0x0000000761800000| Untracked 
| 240|0x0000000761a00000, 0x0000000761a00000, 0x0000000761c00000|  0%| F|  |TAMS 0x0000000761a00000| PB 0x0000000761a00000| Untracked 
| 241|0x0000000761c00000, 0x0000000761c00000, 0x0000000761e00000|  0%| F|  |TAMS 0x0000000761c00000| PB 0x0000000761c00000| Untracked 
| 242|0x0000000761e00000, 0x0000000762000000, 0x0000000762000000|100%| S|CS|TAMS 0x0000000761e00000| PB 0x0000000761e00000| Complete 
| 243|0x0000000762000000, 0x0000000762200000, 0x0000000762200000|100%| S|CS|TAMS 0x0000000762000000| PB 0x0000000762000000| Complete 
| 244|0x0000000762200000, 0x0000000762200000, 0x0000000762400000|  0%| F|  |TAMS 0x0000000762200000| PB 0x0000000762200000| Untracked 
| 245|0x0000000762400000, 0x0000000762400000, 0x0000000762600000|  0%| F|  |TAMS 0x0000000762400000| PB 0x0000000762400000| Untracked 
| 246|0x0000000762600000, 0x0000000762600000, 0x0000000762800000|  0%| F|  |TAMS 0x0000000762600000| PB 0x0000000762600000| Untracked 
| 247|0x0000000762800000, 0x0000000762800000, 0x0000000762a00000|  0%| F|  |TAMS 0x0000000762800000| PB 0x0000000762800000| Untracked 
| 248|0x0000000762a00000, 0x0000000762a00000, 0x0000000762c00000|  0%| F|  |TAMS 0x0000000762a00000| PB 0x0000000762a00000| Untracked 
| 249|0x0000000762c00000, 0x0000000762c00000, 0x0000000762e00000|  0%| F|  |TAMS 0x0000000762c00000| PB 0x0000000762c00000| Untracked 
| 250|0x0000000762e00000, 0x0000000762e00000, 0x0000000763000000|  0%| F|  |TAMS 0x0000000762e00000| PB 0x0000000762e00000| Untracked 
| 251|0x0000000763000000, 0x0000000763000000, 0x0000000763200000|  0%| F|  |TAMS 0x0000000763000000| PB 0x0000000763000000| Untracked 
| 252|0x0000000763200000, 0x0000000763200000, 0x0000000763400000|  0%| F|  |TAMS 0x0000000763200000| PB 0x0000000763200000| Untracked 
| 253|0x0000000763400000, 0x0000000763400000, 0x0000000763600000|  0%| F|  |TAMS 0x0000000763400000| PB 0x0000000763400000| Untracked 
| 254|0x0000000763600000, 0x0000000763600000, 0x0000000763800000|  0%| F|  |TAMS 0x0000000763600000| PB 0x0000000763600000| Untracked 
| 255|0x0000000763800000, 0x0000000763800000, 0x0000000763a00000|  0%| F|  |TAMS 0x0000000763800000| PB 0x0000000763800000| Untracked 
| 256|0x0000000763a00000, 0x0000000763a00000, 0x0000000763c00000|  0%| F|  |TAMS 0x0000000763a00000| PB 0x0000000763a00000| Untracked 
| 257|0x0000000763c00000, 0x0000000763c00000, 0x0000000763e00000|  0%| F|  |TAMS 0x0000000763c00000| PB 0x0000000763c00000| Untracked 
| 258|0x0000000763e00000, 0x0000000763e00000, 0x0000000764000000|  0%| F|  |TAMS 0x0000000763e00000| PB 0x0000000763e00000| Untracked 
| 259|0x0000000764000000, 0x0000000764000000, 0x0000000764200000|  0%| F|  |TAMS 0x0000000764000000| PB 0x0000000764000000| Untracked 
| 260|0x0000000764200000, 0x0000000764200000, 0x0000000764400000|  0%| F|  |TAMS 0x0000000764200000| PB 0x0000000764200000| Untracked 
| 261|0x0000000764400000, 0x0000000764400000, 0x0000000764600000|  0%| F|  |TAMS 0x0000000764400000| PB 0x0000000764400000| Untracked 
| 262|0x0000000764600000, 0x0000000764600000, 0x0000000764800000|  0%| F|  |TAMS 0x0000000764600000| PB 0x0000000764600000| Untracked 
| 263|0x0000000764800000, 0x0000000764800000, 0x0000000764a00000|  0%| F|  |TAMS 0x0000000764800000| PB 0x0000000764800000| Untracked 
| 264|0x0000000764a00000, 0x0000000764a00000, 0x0000000764c00000|  0%| F|  |TAMS 0x0000000764a00000| PB 0x0000000764a00000| Untracked 
| 265|0x0000000764c00000, 0x0000000764c00000, 0x0000000764e00000|  0%| F|  |TAMS 0x0000000764c00000| PB 0x0000000764c00000| Untracked 
| 266|0x0000000764e00000, 0x0000000764e00000, 0x0000000765000000|  0%| F|  |TAMS 0x0000000764e00000| PB 0x0000000764e00000| Untracked 
| 267|0x0000000765000000, 0x0000000765000000, 0x0000000765200000|  0%| F|  |TAMS 0x0000000765000000| PB 0x0000000765000000| Untracked 
| 268|0x0000000765200000, 0x0000000765200000, 0x0000000765400000|  0%| F|  |TAMS 0x0000000765200000| PB 0x0000000765200000| Untracked 
| 269|0x0000000765400000, 0x0000000765400000, 0x0000000765600000|  0%| F|  |TAMS 0x0000000765400000| PB 0x0000000765400000| Untracked 
| 270|0x0000000765600000, 0x0000000765600000, 0x0000000765800000|  0%| F|  |TAMS 0x0000000765600000| PB 0x0000000765600000| Untracked 
| 271|0x0000000765800000, 0x0000000765800000, 0x0000000765a00000|  0%| F|  |TAMS 0x0000000765800000| PB 0x0000000765800000| Untracked 
| 272|0x0000000765a00000, 0x0000000765a00000, 0x0000000765c00000|  0%| F|  |TAMS 0x0000000765a00000| PB 0x0000000765a00000| Untracked 
| 273|0x0000000765c00000, 0x0000000765c00000, 0x0000000765e00000|  0%| F|  |TAMS 0x0000000765c00000| PB 0x0000000765c00000| Untracked 
| 274|0x0000000765e00000, 0x0000000765e00000, 0x0000000766000000|  0%| F|  |TAMS 0x0000000765e00000| PB 0x0000000765e00000| Untracked 
| 275|0x0000000766000000, 0x0000000766000000, 0x0000000766200000|  0%| F|  |TAMS 0x0000000766000000| PB 0x0000000766000000| Untracked 
| 276|0x0000000766200000, 0x0000000766200000, 0x0000000766400000|  0%| F|  |TAMS 0x0000000766200000| PB 0x0000000766200000| Untracked 
| 277|0x0000000766400000, 0x0000000766400000, 0x0000000766600000|  0%| F|  |TAMS 0x0000000766400000| PB 0x0000000766400000| Untracked 
| 278|0x0000000766600000, 0x0000000766600000, 0x0000000766800000|  0%| F|  |TAMS 0x0000000766600000| PB 0x0000000766600000| Untracked 
| 279|0x0000000766800000, 0x0000000766800000, 0x0000000766a00000|  0%| F|  |TAMS 0x0000000766800000| PB 0x0000000766800000| Untracked 
| 280|0x0000000766a00000, 0x0000000766a00000, 0x0000000766c00000|  0%| F|  |TAMS 0x0000000766a00000| PB 0x0000000766a00000| Untracked 
| 281|0x0000000766c00000, 0x0000000766c00000, 0x0000000766e00000|  0%| F|  |TAMS 0x0000000766c00000| PB 0x0000000766c00000| Untracked 
| 282|0x0000000766e00000, 0x0000000766e00000, 0x0000000767000000|  0%| F|  |TAMS 0x0000000766e00000| PB 0x0000000766e00000| Untracked 
| 283|0x0000000767000000, 0x0000000767000000, 0x0000000767200000|  0%| F|  |TAMS 0x0000000767000000| PB 0x0000000767000000| Untracked 
| 284|0x0000000767200000, 0x0000000767200000, 0x0000000767400000|  0%| F|  |TAMS 0x0000000767200000| PB 0x0000000767200000| Untracked 

Card table byte_map: [0x0000017dba3f0000,0x0000017dba9e0000] _byte_map_base: 0x0000017db69d3000

Marking Bits: (CMBitMap*) 0x0000017da24a9fc0
 Bits: [0x0000017dba9e0000, 0x0000017dbd8f8000)

Polling page: 0x0000017da03c0000

Metaspace:

Usage:
  Non-class:    536.37 KB used.
      Class:     40.41 KB used.
       Both:    576.78 KB used.

Virtual space:
  Non-class space:       64.00 MB reserved,     576.00 KB ( <1%) committed,  1 nodes.
      Class space:        1.00 GB reserved,     128.00 KB ( <1%) committed,  1 nodes.
             Both:        1.06 GB reserved,     704.00 KB ( <1%) committed. 

Chunk freelists:
   Non-Class:  11.95 MB
       Class:  15.73 MB
        Both:  27.69 MB

MaxMetaspaceSize: unlimited
CompressedClassSpaceSize: 1.00 GB
Initial GC threshold: 21.00 MB
Current GC threshold: 21.00 MB
CDS: on
 - commit_granule_bytes: 65536.
 - commit_granule_words: 8192.
 - virtual_space_node_default_size: 8388608.
 - enlarge_chunks_in_place: 1.
 - use_allocation_guard: 0.


Internal statistics:

num_allocs_failed_limit: 0.
num_arena_births: 10.
num_arena_deaths: 0.
num_vsnodes_births: 2.
num_vsnodes_deaths: 0.
num_space_committed: 11.
num_space_uncommitted: 0.
num_chunks_returned_to_freelist: 0.
num_chunks_taken_from_freelist: 18.
num_chunk_merges: 0.
num_chunk_splits: 11.
num_chunks_enlarged: 4.
num_inconsistent_stats: 0.

CodeHeap 'non-profiled nmethods': size=120000Kb used=111Kb max_used=111Kb free=119888Kb
 bounds [0x0000017db2380000, 0x0000017db25f0000, 0x0000017db98b0000]
CodeHeap 'profiled nmethods': size=120000Kb used=397Kb max_used=397Kb free=119602Kb
 bounds [0x0000017daa8b0000, 0x0000017daab20000, 0x0000017db1de0000]
CodeHeap 'non-nmethods': size=5760Kb used=1316Kb max_used=1352Kb free=4443Kb
 bounds [0x0000017db1de0000, 0x0000017db2050000, 0x0000017db2380000]
 total_blobs=691 nmethods=263 adapters=333
 compilation: enabled
              stopped_count=0, restarted_count=0
 full_count=0

Compilation events (20 events):
Event: 0.303 Thread 0x0000017dc057fe70  254   !   3       jdk.internal.misc.Blocker::begin (97 bytes)
Event: 0.304 Thread 0x0000017dc057fe70 nmethod 254 0x0000017daa900090 code [0x0000017daa9002c0, 0x0000017daa900bd0]
Event: 0.304 Thread 0x0000017dc057fe70  255       3       jdk.internal.misc.Blocker::end (71 bytes)
Event: 0.304 Thread 0x0000017dc057fe70 nmethod 255 0x0000017daa900e10 code [0x0000017daa901000, 0x0000017daa9014d8]
Event: 0.311 Thread 0x0000017dc08c0770 nmethod 251 0x0000017db2397790 code [0x0000017db2397b20, 0x0000017db2399730]
Event: 0.331 Thread 0x0000017dc057fe70  256       3       java.io.BufferedInputStream::getInIfOpen (21 bytes)
Event: 0.331 Thread 0x0000017dc057fe70 nmethod 256 0x0000017daa901690 code [0x0000017daa901840, 0x0000017daa901a20]
Event: 0.331 Thread 0x0000017dc057fe70  257   !   3       java.io.FileInputStream::read (32 bytes)
Event: 0.331 Thread 0x0000017dc057fe70 nmethod 257 0x0000017daa901b10 code [0x0000017daa901ce0, 0x0000017daa901f10]
Event: 0.331 Thread 0x0000017dc057fe70  259       3       java.io.BufferedInputStream::fill (204 bytes)
Event: 0.332 Thread 0x0000017dc057fe70 nmethod 259 0x0000017daa902090 code [0x0000017daa902300, 0x0000017daa902e20]
Event: 1.312 Thread 0x0000017dc057d3c0  260       4       java.io.BufferedInputStream::fill (204 bytes)
Event: 1.313 Thread 0x0000017dc057d3c0 nmethod 260 0x0000017db239a990 code [0x0000017db239ab60, 0x0000017db239add8]
Event: 1.426 Thread 0x0000017dc057fe70  261 % !   3       mnist.MNISTManager::<init> @ 227 (314 bytes)
Event: 1.426 Thread 0x0000017dc057d3c0  262       4       java.io.DataInputStream::readUnsignedByte (22 bytes)
Event: 1.429 Thread 0x0000017dc057fe70 nmethod 261% 0x0000017daa903190 code [0x0000017daa903a60, 0x0000017daa908f40]
Event: 1.429 Thread 0x0000017dc057fe70  263 % !   3       mnist.MNISTManager::<init> @ 240 (314 bytes)
Event: 1.430 Thread 0x0000017dc057d3c0 nmethod 262 0x0000017db239b090 code [0x0000017db239b280, 0x0000017db239b7f0]
Event: 1.431 Thread 0x0000017dc057fe70 nmethod 263% 0x0000017daa90b310 code [0x0000017daa90bbe0, 0x0000017daa911148]
Event: 1.432 Thread 0x0000017dc057d3c0  264 % !   4       mnist.MNISTManager::<init> @ 240 (314 bytes)

GC Heap History (17 events):
Event: 0.114 GC heap before
{Heap before GC invocations=0 (full 0):
 garbage-first heap   total 194560K, used 22528K [0x0000000743a00000, 0x0000000800000000)
  region size 2048K, 11 young (22528K), 0 survivors (0K)
 Metaspace       used 545K, committed 704K, reserved 1114112K
  class space    used 40K, committed 128K, reserved 1048576K
}
Event: 0.120 GC heap after
{Heap after GC invocations=1 (full 0):
 garbage-first heap   total 194560K, used 20096K [0x0000000743a00000, 0x0000000800000000)
  region size 2048K, 2 young (4096K), 2 survivors (4096K)
 Metaspace       used 545K, committed 704K, reserved 1114112K
  class space    used 40K, committed 128K, reserved 1048576K
}
Event: 0.122 GC heap before
{Heap before GC invocations=1 (full 0):
 garbage-first heap   total 194560K, used 32384K [0x0000000743a00000, 0x0000000800000000)
  region size 2048K, 8 young (16384K), 2 survivors (4096K)
 Metaspace       used 546K, committed 704K, reserved 1114112K
  class space    used 40K, committed 128K, reserved 1048576K
}
Event: 0.127 GC heap after
{Heap after GC invocations=2 (full 0):
 garbage-first heap   total 194560K, used 32230K [0x0000000743a00000, 0x0000000800000000)
  region size 2048K, 1 young (2048K), 1 survivors (2048K)
 Metaspace       used 546K, committed 704K, reserved 1114112K
  class space    used 40K, committed 128K, reserved 1048576K
}
Event: 0.130 GC heap before
{Heap before GC invocations=2 (full 0):
 garbage-first heap   total 194560K, used 54758K [0x0000000743a00000, 0x0000000800000000)
  region size 2048K, 13 young (26624K), 1 survivors (2048K)
 Metaspace       used 546K, committed 704K, reserved 1114112K
  class space    used 40K, committed 128K, reserved 1048576K
}
Event: 0.137 GC heap after
{Heap after GC invocations=3 (full 0):
 garbage-first heap   total 194560K, used 56634K [0x0000000743a00000, 0x0000000800000000)
  region size 2048K, 2 young (4096K), 2 survivors (4096K)
 Metaspace       used 546K, committed 704K, reserved 1114112K
  class space    used 40K, committed 128K, reserved 1048576K
}
Event: 0.141 GC heap before
{Heap before GC invocations=3 (full 0):
 garbage-first heap   total 194560K, used 85306K [0x0000000743a00000, 0x0000000800000000)
  region size 2048K, 16 young (32768K), 2 survivors (4096K)
 Metaspace       used 546K, committed 704K, reserved 1114112K
  class space    used 40K, committed 128K, reserved 1048576K
}
Event: 0.150 GC heap after
{Heap after GC invocations=4 (full 0):
 garbage-first heap   total 194560K, used 85110K [0x0000000743a00000, 0x0000000800000000)
  region size 2048K, 2 young (4096K), 2 survivors (4096K)
 Metaspace       used 546K, committed 704K, reserved 1114112K
  class space    used 40K, committed 128K, reserved 1048576K
}
Event: 0.155 GC heap before
{Heap before GC invocations=4 (full 0):
 garbage-first heap   total 194560K, used 115830K [0x0000000743a00000, 0x0000000800000000)
  region size 2048K, 17 young (34816K), 2 survivors (4096K)
 Metaspace       used 546K, committed 704K, reserved 1114112K
  class space    used 40K, committed 128K, reserved 1048576K
}
Event: 0.166 GC heap after
{Heap after GC invocations=5 (full 0):
 garbage-first heap   total 583680K, used 115670K [0x0000000743a00000, 0x0000000800000000)
  region size 2048K, 3 young (6144K), 3 survivors (6144K)
 Metaspace       used 546K, committed 704K, reserved 1114112K
  class space    used 40K, committed 128K, reserved 1048576K
}
Event: 0.178 GC heap before
{Heap before GC invocations=5 (full 0):
 garbage-first heap   total 583680K, used 166870K [0x0000000743a00000, 0x0000000800000000)
  region size 2048K, 28 young (57344K), 3 survivors (6144K)
 Metaspace       used 546K, committed 704K, reserved 1114112K
  class space    used 40K, committed 128K, reserved 1048576K
}
Event: 0.194 GC heap after
{Heap after GC invocations=6 (full 0):
 garbage-first heap   total 583680K, used 166422K [0x0000000743a00000, 0x0000000800000000)
  region size 2048K, 4 young (8192K), 4 survivors (8192K)
 Metaspace       used 546K, committed 704K, reserved 1114112K
  class space    used 40K, committed 128K, reserved 1048576K
}
Event: 0.205 GC heap before
{Heap before GC invocations=6 (full 0):
 garbage-first heap   total 583680K, used 227862K [0x0000000743a00000, 0x0000000800000000)
  region size 2048K, 34 young (69632K), 4 survivors (8192K)
 Metaspace       used 546K, committed 704K, reserved 1114112K
  class space    used 40K, committed 128K, reserved 1048576K
}
Event: 0.221 GC heap after
{Heap after GC invocations=7 (full 0):
 garbage-first heap   total 583680K, used 227598K [0x0000000743a00000, 0x0000000800000000)
  region size 2048K, 5 young (10240K), 5 survivors (10240K)
 Metaspace       used 546K, committed 704K, reserved 1114112K
  class space    used 40K, committed 128K, reserved 1048576K
}
Event: 0.234 GC heap before
{Heap before GC invocations=7 (full 0):
 garbage-first heap   total 583680K, used 305422K [0x0000000743a00000, 0x0000000800000000)
  region size 2048K, 43 young (88064K), 5 survivors (10240K)
 Metaspace       used 546K, committed 704K, reserved 1114112K
  class space    used 40K, committed 128K, reserved 1048576K
}
Event: 0.259 GC heap after
{Heap after GC invocations=8 (full 0):
 garbage-first heap   total 583680K, used 305287K [0x0000000743a00000, 0x0000000800000000)
  region size 2048K, 6 young (12288K), 6 survivors (12288K)
 Metaspace       used 546K, committed 704K, reserved 1114112K
  class space    used 40K, committed 128K, reserved 1048576K
}
Event: 1.434 GC heap before
{Heap before GC invocations=8 (full 0):
 garbage-first heap   total 583680K, used 389255K [0x0000000743a00000, 0x0000000800000000)
  region size 2048K, 47 young (96256K), 6 survivors (12288K)
 Metaspace       used 576K, committed 704K, reserved 1114112K
  class space    used 40K, committed 128K, reserved 1048576K
}

Dll operation events (6 events):
Event: 0.010 Loaded shared library C:\Program Files\Java\jdk-21\bin\java.dll
Event: 0.051 Loaded shared library C:\Program Files\Java\jdk-21\bin\jsvml.dll
Event: 0.067 Loaded shared library C:\Program Files\Java\jdk-21\bin\net.dll
Event: 0.068 Loaded shared library C:\Program Files\Java\jdk-21\bin\nio.dll
Event: 0.073 Loaded shared library C:\Program Files\Java\jdk-21\bin\zip.dll
Event: 0.090 Loaded shared library C:\Program Files\Java\jdk-21\bin\jimage.dll

Deoptimization events (20 events):
Event: 0.278 Thread 0x0000017da2459940 DEOPT PACKING pc=0x0000017db2394404 sp=0x00000075071ff500
Event: 0.278 Thread 0x0000017da2459940 DEOPT UNPACKING pc=0x0000017db1e346a2 sp=0x00000075071ff450 mode 2
Event: 0.288 Thread 0x0000017da2459940 DEOPT PACKING pc=0x0000017daa8fc559 sp=0x00000075071ff420
Event: 0.288 Thread 0x0000017da2459940 DEOPT UNPACKING pc=0x0000017db1e34e42 sp=0x00000075071fea90 mode 0
Event: 1.426 Thread 0x0000017da2459940 Uncommon trap: trap_request=0xffffff9d fr.pc=0x0000017db2396670 relative=0x0000000000000670
Event: 1.426 Thread 0x0000017da2459940 Uncommon trap: reason=unreached action=reinterpret pc=0x0000017db2396670 method=mnist.MNISTManager.<init>(Ljava/lang/String;Ljava/lang/String;)V @ 289 c2
Event: 1.426 Thread 0x0000017da2459940 DEOPT PACKING pc=0x0000017db2396670 sp=0x00000075071ff5d0
Event: 1.426 Thread 0x0000017da2459940 DEOPT UNPACKING pc=0x0000017db1e346a2 sp=0x00000075071ff5a0 mode 2
Event: 1.432 Thread 0x0000017da2459940 Uncommon trap: trap_request=0xffffff45 fr.pc=0x0000017db239239c relative=0x000000000000007c
Event: 1.432 Thread 0x0000017da2459940 Uncommon trap: reason=unstable_if action=reinterpret pc=0x0000017db239239c method=java.io.BufferedInputStream.getBufIfOpen(Z)[B @ 6 c2
Event: 1.432 Thread 0x0000017da2459940 DEOPT PACKING pc=0x0000017db239239c sp=0x00000075071ff300
Event: 1.432 Thread 0x0000017da2459940 DEOPT UNPACKING pc=0x0000017db1e346a2 sp=0x00000075071ff298 mode 2
Event: 1.432 Thread 0x0000017da2459940 Uncommon trap: trap_request=0xffffff45 fr.pc=0x0000017db239ad10 relative=0x00000000000001b0
Event: 1.432 Thread 0x0000017da2459940 Uncommon trap: reason=unstable_if action=reinterpret pc=0x0000017db239ad10 method=java.io.BufferedInputStream.getBufIfOpen(Z)[B @ 13 c2
Event: 1.432 Thread 0x0000017da2459940 DEOPT PACKING pc=0x0000017db239ad10 sp=0x00000075071ff300
Event: 1.432 Thread 0x0000017da2459940 DEOPT UNPACKING pc=0x0000017db1e346a2 sp=0x00000075071ff1c0 mode 2
Event: 1.432 Thread 0x0000017da2459940 Uncommon trap: trap_request=0xffffff45 fr.pc=0x0000017db2392f18 relative=0x0000000000000078
Event: 1.432 Thread 0x0000017da2459940 Uncommon trap: reason=unstable_if action=reinterpret pc=0x0000017db2392f18 method=java.io.BufferedInputStream.getBufIfOpen(Z)[B @ 13 c2
Event: 1.432 Thread 0x0000017da2459940 DEOPT PACKING pc=0x0000017db2392f18 sp=0x00000075071ff290
Event: 1.432 Thread 0x0000017da2459940 DEOPT UNPACKING pc=0x0000017db1e346a2 sp=0x00000075071ff1b8 mode 2

Classes loaded (20 events):
Event: 0.087 Loading class java/io/Reader done
Event: 0.087 Loading class java/io/InputStreamReader done
Event: 0.087 Loading class sun/nio/cs/StreamDecoder
Event: 0.087 Loading class sun/nio/cs/StreamDecoder done
Event: 0.087 Loading class java/util/Scanner$PatternLRUCache
Event: 0.087 Loading class java/util/Scanner$PatternLRUCache done
Event: 0.089 Loading class jdk/internal/module/ModulePatcher$PatchedModuleReader
Event: 0.089 Loading class jdk/internal/module/ModulePatcher$PatchedModuleReader done
Event: 0.091 Loading class sun/net/www/protocol/jrt/Handler
Event: 0.091 Loading class sun/net/www/protocol/jrt/Handler done
Event: 0.095 Loading class sun/util/locale/provider/BaseLocaleDataMetaInfo
Event: 0.095 Loading class sun/util/locale/provider/BaseLocaleDataMetaInfo done
Event: 0.096 Loading class sun/util/resources/LocaleData$CommonResourceBundleProvider
Event: 0.096 Loading class sun/util/resources/LocaleData$LocaleDataResourceBundleProvider
Event: 0.096 Loading class java/util/spi/ResourceBundleProvider
Event: 0.096 Loading class java/util/spi/ResourceBundleProvider done
Event: 0.096 Loading class sun/util/resources/LocaleData$LocaleDataResourceBundleProvider done
Event: 0.096 Loading class sun/util/resources/LocaleData$CommonResourceBundleProvider done
Event: 0.097 Loading class sun/text/resources/cldr/FormatData_en
Event: 0.097 Loading class sun/text/resources/cldr/FormatData_en done

Classes unloaded (0 events):
No events

Classes redefined (0 events):
No events

Internal exceptions (0 events):
No events

ZGC Phase Switch (0 events):
No events

VM Operations (20 events):
Event: 0.073 Executing VM operation: HandshakeAllThreads (Deoptimize) done
Event: 0.114 Executing VM operation: G1CollectForAllocation (G1 Evacuation Pause)
Event: 0.120 Executing VM operation: G1CollectForAllocation (G1 Evacuation Pause) done
Event: 0.122 Executing VM operation: G1CollectForAllocation (G1 Evacuation Pause)
Event: 0.127 Executing VM operation: G1CollectForAllocation (G1 Evacuation Pause) done
Event: 0.130 Executing VM operation: G1CollectForAllocation (G1 Evacuation Pause)
Event: 0.137 Executing VM operation: G1CollectForAllocation (G1 Evacuation Pause) done
Event: 0.141 Executing VM operation: G1CollectForAllocation (G1 Evacuation Pause)
Event: 0.150 Executing VM operation: G1CollectForAllocation (G1 Evacuation Pause) done
Event: 0.155 Executing VM operation: G1CollectForAllocation (G1 Evacuation Pause)
Event: 0.166 Executing VM operation: G1CollectForAllocation (G1 Evacuation Pause) done
Event: 0.178 Executing VM operation: G1CollectForAllocation (G1 Evacuation Pause)
Event: 0.194 Executing VM operation: G1CollectForAllocation (G1 Evacuation Pause) done
Event: 0.205 Executing VM operation: G1CollectForAllocation (G1 Evacuation Pause)
Event: 0.221 Executing VM operation: G1CollectForAllocation (G1 Evacuation Pause) done
Event: 0.234 Executing VM operation: G1CollectForAllocation (G1 Evacuation Pause)
Event: 0.260 Executing VM operation: G1CollectForAllocation (G1 Evacuation Pause) done
Event: 1.265 Executing VM operation: Cleanup
Event: 1.265 Executing VM operation: Cleanup done
Event: 1.434 Executing VM operation: G1CollectForAllocation (G1 Evacuation Pause)

Events (17 events):
Event: 0.034 Thread 0x0000017da2459940 Thread added: 0x0000017da2459940
Event: 0.048 Thread 0x0000017dc0564f40 Thread added: 0x0000017dc0564f40
Event: 0.048 Thread 0x0000017dc0565ba0 Thread added: 0x0000017dc0565ba0
Event: 0.048 Thread 0x0000017dc056cd50 Thread added: 0x0000017dc056cd50
Event: 0.048 Thread 0x0000017dc056db10 Thread added: 0x0000017dc056db10
Event: 0.048 Thread 0x0000017dc056e570 Thread added: 0x0000017dc056e570
Event: 0.048 Thread 0x0000017dc0577110 Thread added: 0x0000017dc0577110
Event: 0.048 Thread 0x0000017dc057d3c0 Thread added: 0x0000017dc057d3c0
Event: 0.048 Thread 0x0000017dc057fe70 Thread added: 0x0000017dc057fe70
Event: 0.061 Thread 0x0000017dc081e4f0 Thread added: 0x0000017dc081e4f0
Event: 0.063 Thread 0x0000017dc0833240 Thread added: 0x0000017dc0833240
Event: 0.105 Thread 0x0000017dc08c0770 Thread added: 0x0000017dc08c0770
Event: 0.270 Thread 0x0000017dc08c0770 Thread exited: 0x0000017dc08c0770
Event: 0.274 Thread 0x0000017dc08c0770 Thread added: 0x0000017dc08c0770
Event: 0.274 Thread 0x0000017dc0a30650 Thread added: 0x0000017dc0a30650
Event: 1.312 Thread 0x0000017dc0a30650 Thread exited: 0x0000017dc0a30650
Event: 1.426 Thread 0x0000017dc08c0770 Thread exited: 0x0000017dc08c0770


Dynamic libraries:
0x00007ff7ed840000 - 0x00007ff7ed850000 	C:\Program Files\Java\jdk-21\bin\java.exe
0x00007ff8a1ba0000 - 0x00007ff8a1e03000 	C:\WINDOWS\SYSTEM32\ntdll.dll
0x00007ff8a1130000 - 0x00007ff8a11f7000 	C:\WINDOWS\System32\KERNEL32.DLL
0x00007ff89f2a0000 - 0x00007ff89f669000 	C:\WINDOWS\System32\KERNELBASE.dll
0x00007ff89f0c0000 - 0x00007ff89f20c000 	C:\WINDOWS\System32\ucrtbase.dll
0x00007ff894d20000 - 0x00007ff894d3b000 	C:\Program Files\Java\jdk-21\bin\VCRUNTIME140.dll
0x00007ff892fb0000 - 0x00007ff892fc9000 	C:\Program Files\Java\jdk-21\bin\jli.dll
0x00007ff8a0220000 - 0x00007ff8a02d2000 	C:\WINDOWS\System32\ADVAPI32.dll
0x00007ff8a0170000 - 0x00007ff8a0219000 	C:\WINDOWS\System32\msvcrt.dll
0x00007ff8a02e0000 - 0x00007ff8a0386000 	C:\WINDOWS\System32\sechost.dll
0x00007ff89fcd0000 - 0x00007ff89fde6000 	C:\WINDOWS\System32\RPCRT4.dll
0x00007ff8a1990000 - 0x00007ff8a1b5a000 	C:\WINDOWS\System32\USER32.dll
0x00007ff89f090000 - 0x00007ff89f0b7000 	C:\WINDOWS\System32\win32u.dll
0x00007ff882690000 - 0x00007ff882920000 	C:\WINDOWS\WinSxS\amd64_microsoft.windows.common-controls_6595b64144ccf1df_6.0.26100.3323_none_3e088096e3344490\COMCTL32.dll
0x00007ff89ffe0000 - 0x00007ff8a000a000 	C:\WINDOWS\System32\GDI32.dll
0x00007ff89f670000 - 0x00007ff89f7a1000 	C:\WINDOWS\System32\gdi32full.dll
0x00007ff89f850000 - 0x00007ff89f8f3000 	C:\WINDOWS\System32\msvcp_win.dll
0x00007ff892ed0000 - 0x00007ff892edb000 	C:\WINDOWS\SYSTEM32\VERSION.dll
0x00007ff89fab0000 - 0x00007ff89fadf000 	C:\WINDOWS\System32\IMM32.DLL
0x00007ff894d10000 - 0x00007ff894d1c000 	C:\Program Files\Java\jdk-21\bin\vcruntime140_1.dll
0x00007ff82c810000 - 0x00007ff82c89e000 	C:\Program Files\Java\jdk-21\bin\msvcp140.dll
0x00007fffc2400000 - 0x00007fffc3113000 	C:\Program Files\Java\jdk-21\bin\server\jvm.dll
0x00007ff89faf0000 - 0x00007ff89fb64000 	C:\WINDOWS\System32\WS2_32.dll
0x00007ff89da50000 - 0x00007ff89da9e000 	C:\WINDOWS\SYSTEM32\POWRPROF.dll
0x00007ff8984d0000 - 0x00007ff898506000 	C:\WINDOWS\SYSTEM32\WINMM.dll
0x00007ff89da30000 - 0x00007ff89da44000 	C:\WINDOWS\SYSTEM32\UMPDC.dll
0x00007ff89dcd0000 - 0x00007ff89dcea000 	C:\WINDOWS\SYSTEM32\kernel.appcore.dll
0x00007ff892a70000 - 0x00007ff892a7a000 	C:\Program Files\Java\jdk-21\bin\jimage.dll
0x00007ff899130000 - 0x00007ff899371000 	C:\WINDOWS\SYSTEM32\DBGHELP.DLL
0x00007ff8a0c50000 - 0x00007ff8a0fd2000 	C:\WINDOWS\System32\combase.dll
0x00007ff89fbf0000 - 0x00007ff89fcc6000 	C:\WINDOWS\System32\OLEAUT32.dll
0x00007ff898490000 - 0x00007ff8984c9000 	C:\WINDOWS\SYSTEM32\dbgcore.DLL
0x00007ff89f7b0000 - 0x00007ff89f849000 	C:\WINDOWS\System32\bcryptPrimitives.dll
0x00007ff88c930000 - 0x00007ff88c94f000 	C:\Program Files\Java\jdk-21\bin\java.dll
0x00007ff8a0530000 - 0x00007ff8a0c45000 	C:\WINDOWS\System32\SHELL32.dll
0x00007ff89ef20000 - 0x00007ff89f088000 	C:\WINDOWS\System32\wintypes.dll
0x00007ff89cac0000 - 0x00007ff89d305000 	C:\WINDOWS\SYSTEM32\windows.storage.dll
0x00007ff89f9c0000 - 0x00007ff89faab000 	C:\WINDOWS\System32\SHCORE.dll
0x00007ff8a13f0000 - 0x00007ff8a144d000 	C:\WINDOWS\System32\shlwapi.dll
0x00007ff89ecb0000 - 0x00007ff89ecdf000 	C:\WINDOWS\SYSTEM32\profapi.dll
0x00007fffda790000 - 0x00007fffda867000 	C:\Program Files\Java\jdk-21\bin\jsvml.dll
0x00007ff892a60000 - 0x00007ff892a70000 	C:\Program Files\Java\jdk-21\bin\net.dll
0x00007ff893650000 - 0x00007ff89376e000 	C:\WINDOWS\SYSTEM32\WINHTTP.dll
0x00007ff89e1f0000 - 0x00007ff89e25a000 	C:\WINDOWS\system32\mswsock.dll
0x00007ff886bf0000 - 0x00007ff886c06000 	C:\Program Files\Java\jdk-21\bin\nio.dll
0x00007ff881130000 - 0x00007ff881148000 	C:\Program Files\Java\jdk-21\bin\zip.dll

dbghelp: loaded successfully - version: 4.0.5 - missing functions: none
symbol engine: initialized successfully - sym options: 0x614 - pdb path: .;C:\Program Files\Java\jdk-21\bin;C:\WINDOWS\SYSTEM32;C:\WINDOWS\WinSxS\amd64_microsoft.windows.common-controls_6595b64144ccf1df_6.0.26100.3323_none_3e088096e3344490;C:\Program Files\Java\jdk-21\bin\server

VM Arguments:
java_command: MLP.jar
java_class_path (initial): MLP.jar
Launcher Type: SUN_STANDARD

[Global flags]
     intx CICompilerCount                          = 4                                         {product} {ergonomic}
     uint ConcGCThreads                            = 3                                         {product} {ergonomic}
     uint G1ConcRefinementThreads                  = 10                                        {product} {ergonomic}
   size_t G1HeapRegionSize                         = 2097152                                   {product} {ergonomic}
    uintx GCDrainStackTargetSize                   = 64                                        {product} {ergonomic}
   size_t InitialHeapSize                          = 199229440                                 {product} {ergonomic}
   size_t MarkStackSize                            = 4194304                                   {product} {ergonomic}
   size_t MaxHeapSize                              = 3160408064                                {product} {ergonomic}
   size_t MaxNewSize                               = 1895825408                                {product} {ergonomic}
   size_t MinHeapDeltaBytes                        = 2097152                                   {product} {ergonomic}
   size_t MinHeapSize                              = 8388608                                   {product} {ergonomic}
    uintx NonNMethodCodeHeapSize                   = 5839372                                {pd product} {ergonomic}
    uintx NonProfiledCodeHeapSize                  = 122909434                              {pd product} {ergonomic}
    uintx ProfiledCodeHeapSize                     = 122909434                              {pd product} {ergonomic}
    uintx ReservedCodeCacheSize                    = 251658240                              {pd product} {ergonomic}
     bool SegmentedCodeCache                       = true                                      {product} {ergonomic}
   size_t SoftMaxHeapSize                          = 3160408064                             {manageable} {ergonomic}
     bool UseCompressedOops                        = true                           {product lp64_product} {ergonomic}
     bool UseG1GC                                  = true                                      {product} {ergonomic}
     bool UseLargePagesIndividualAllocation        = false                                  {pd product} {ergonomic}

Logging:
Log output configuration:
 #0: stdout all=warning uptime,level,tags foldmultilines=false
 #1: stderr all=off uptime,level,tags foldmultilines=false

Environment Variables:
PATH=C:\Program Files (x86)\NVIDIA Corporation\PhysX\Common;C:\Program Files\NVIDIA GPU Computing Toolkit\CUDA\v12.8\bin;C:\Program Files\NVIDIA GPU Computing Toolkit\CUDA\v12.8\libnvvp;C:\Program Files\Common Files\Oracle\Java\javapath;C:\Program Files (x86)\Common Files\Oracle\Java\java8path;C:\Program Files (x86)\Common Files\Oracle\Java\javapath;C:\Windows\system32;C:\Windows;C:\Windows\System32\Wbem;C:\Windows\System32\WindowsPowerShell\v1.0\;C:\Windows\System32\OpenSSH\;C:\Program Files\NVIDIA Corporation\NVIDIA NvDLISR;C:\WINDOWS\system32;C:\WINDOWS;C:\WINDOWS\System32\Wbem;C:\WINDOWS\System32\WindowsPowerShell\v1.0\;C:\WINDOWS\System32\OpenSSH\;C:\Program Files\Common Files\Autodesk Shared\;C:\Program Files\dotnet\;C:\Program Files\Java\jdk-21\bin;C:\Program Files\NVIDIA Corporation\Nsight Compute 2025.1.0\;C:\Program Files\NVIDIA Corporation\NVIDIA app\NvDLISR;C:\Program Files\Git\cmd;C:\Users\windows 10\AppData\Local\Programs\Microsoft VS Code\bin;C:\Users\windows 10\AppData\Local\Microsoft\WindowsApps;C:\msys64\ucrt64\bin;
USERNAME=windows 10
OS=Windows_NT
PROCESSOR_IDENTIFIER=Intel64 Family 6 Model 165 Stepping 2, GenuineIntel
TMP=C:\Users\windows 10\AppData\Local\Temp
TEMP=C:\Users\windows 10\AppData\Local\Temp




---------------  S Y S T E M  ---------------

OS:
 Windows 11 , 64 bit Build 26100 (10.0.26100.3323)
OS uptime: 0 days 17:15 hours

CPU: total 12 (initial active 12) (6 cores per cpu, 2 threads per core) family 6 model 165 stepping 2 microcode 0xf8, cx8, cmov, fxsr, ht, mmx, 3dnowpref, sse, sse2, sse3, ssse3, sse4.1, sse4.2, popcnt, lzcnt, tsc, tscinvbit, avx, avx2, aes, erms, clmul, bmi1, bmi2, adx, fma, vzeroupper, clflush, clflushopt, rdtscp, f16c, pku
Processor Information for all 12 processors :
  Max Mhz: 2592, Current Mhz: 2592, Mhz Limit: 2592

Memory: 4k page, system-wide physical 12049M (1036M free)
TotalPageFile size 19242M (AvailPageFile size 663M)
current process WorkingSet (physical memory assigned to process): 517M, peak: 517M
current process commit charge ("private bytes"): 668M, peak: 1646M

vm_info: Java HotSpot(TM) 64-Bit Server VM (21+35-LTS-2513) for windows-amd64 JRE (21+35-LTS-2513), built on 2023-08-09T20:25:10Z by "mach5one" with MS VC++ 17.1 (VS2022)

END.
